client/src/components/cart/CartDrawer.tsx(46,46): error TS2339: Property 'imageUrl' does not exist on type '{ id: number; name: string; size: string | null; description: string | null; createdAt: Date | null; price: string; scentType: string | null; isActive: string | null; }'.
client/src/components/cart/CartDrawer.tsx(52,57): error TS2551: Property 'nameAr' does not exist on type '{ id: number; name: string; size: string | null; description: string | null; createdAt: Date | null; price: string; scentType: string | null; isActive: string | null; }'. Did you mean 'name'?
client/src/components/ui/ProductCard.tsx(13,40): error TS2551: Property 'nameAr' does not exist on type '{ id: number; name: string; size: string | null; description: string | null; createdAt: Date | null; price: string; scentType: string | null; isActive: string | null; }'. Did you mean 'name'?
client/src/components/ui/ProductCard.tsx(14,47): error TS2551: Property 'descriptionAr' does not exist on type '{ id: number; name: string; size: string | null; description: string | null; createdAt: Date | null; price: string; scentType: string | null; isActive: string | null; }'. Did you mean 'description'?
client/src/components/ui/ProductCard.tsx(15,27): error TS2339: Property 'price100ml' does not exist on type '{ id: number; name: string; size: string | null; description: string | null; createdAt: Date | null; price: string; scentType: string | null; isActive: string | null; }'.
client/src/components/ui/ProductCard.tsx(15,47): error TS2339: Property 'price50ml' does not exist on type '{ id: number; name: string; size: string | null; description: string | null; createdAt: Date | null; price: string; scentType: string | null; isActive: string | null; }'.
client/src/components/ui/ProductCard.tsx(15,66): error TS2339: Property 'price30ml' does not exist on type '{ id: number; name: string; size: string | null; description: string | null; createdAt: Date | null; price: string; scentType: string | null; isActive: string | null; }'.
client/src/components/ui/ProductCard.tsx(15,85): error TS2339: Property 'price8ml' does not exist on type '{ id: number; name: string; size: string | null; description: string | null; createdAt: Date | null; price: string; scentType: string | null; isActive: string | null; }'.
client/src/components/ui/ProductCard.tsx(17,31): error TS2339: Property 'price100ml' does not exist on type '{ id: number; name: string; size: string | null; description: string | null; createdAt: Date | null; price: string; scentType: string | null; isActive: string | null; }'.
client/src/components/ui/ProductCard.tsx(17,62): error TS2339: Property 'price50ml' does not exist on type '{ id: number; name: string; size: string | null; description: string | null; createdAt: Date | null; price: string; scentType: string | null; isActive: string | null; }'.
client/src/components/ui/ProductCard.tsx(17,91): error TS2339: Property 'price30ml' does not exist on type '{ id: number; name: string; size: string | null; description: string | null; createdAt: Date | null; price: string; scentType: string | null; isActive: string | null; }'.
client/src/components/ui/ProductCard.tsx(24,24): error TS2339: Property 'imageUrl' does not exist on type '{ id: number; name: string; size: string | null; description: string | null; createdAt: Date | null; price: string; scentType: string | null; isActive: string | null; }'.
client/src/components/ui/ProductCard.tsx(29,18): error TS2339: Property 'isBestSeller' does not exist on type '{ id: number; name: string; size: string | null; description: string | null; createdAt: Date | null; price: string; scentType: string | null; isActive: string | null; }'.
client/src/pages/Admin.tsx(226,41): error TS2339: Property 'imageUrl' does not exist on type '{ id: number; name: string; size: string | null; description: string | null; createdAt: Date | null; price: string; scentType: string | null; isActive: string | null; }'.
client/src/pages/Admin.tsx(230,36): error TS2339: Property 'price100ml' does not exist on type '{ id: number; name: string; size: string | null; description: string | null; createdAt: Date | null; price: string; scentType: string | null; isActive: string | null; }'.
client/src/pages/Admin.tsx(230,69): error TS2339: Property 'price100ml' does not exist on type '{ id: number; name: string; size: string | null; description: string | null; createdAt: Date | null; price: string; scentType: string | null; isActive: string | null; }'.
client/src/pages/Admin.tsx(230,102): error TS2339: Property 'stock100ml' does not exist on type '{ id: number; name: string; size: string | null; description: string | null; createdAt: Date | null; price: string; scentType: string | null; isActive: string | null; }'.
client/src/pages/Admin.tsx(231,36): error TS2339: Property 'price50ml' does not exist on type '{ id: number; name: string; size: string | null; description: string | null; createdAt: Date | null; price: string; scentType: string | null; isActive: string | null; }'.
client/src/pages/Admin.tsx(231,67): error TS2339: Property 'price50ml' does not exist on type '{ id: number; name: string; size: string | null; description: string | null; createdAt: Date | null; price: string; scentType: string | null; isActive: string | null; }'.
client/src/pages/Admin.tsx(231,99): error TS2339: Property 'stock50ml' does not exist on type '{ id: number; name: string; size: string | null; description: string | null; createdAt: Date | null; price: string; scentType: string | null; isActive: string | null; }'.
client/src/pages/Admin.tsx(232,36): error TS2339: Property 'price30ml' does not exist on type '{ id: number; name: string; size: string | null; description: string | null; createdAt: Date | null; price: string; scentType: string | null; isActive: string | null; }'.
client/src/pages/Admin.tsx(232,67): error TS2339: Property 'price30ml' does not exist on type '{ id: number; name: string; size: string | null; description: string | null; createdAt: Date | null; price: string; scentType: string | null; isActive: string | null; }'.
client/src/pages/Admin.tsx(232,99): error TS2339: Property 'stock30ml' does not exist on type '{ id: number; name: string; size: string | null; description: string | null; createdAt: Date | null; price: string; scentType: string | null; isActive: string | null; }'.
client/src/pages/Admin.tsx(233,36): error TS2339: Property 'price8ml' does not exist on type '{ id: number; name: string; size: string | null; description: string | null; createdAt: Date | null; price: string; scentType: string | null; isActive: string | null; }'.
client/src/pages/Admin.tsx(233,65): error TS2339: Property 'price8ml' does not exist on type '{ id: number; name: string; size: string | null; description: string | null; createdAt: Date | null; price: string; scentType: string | null; isActive: string | null; }'.
client/src/pages/Admin.tsx(233,96): error TS2339: Property 'stock8ml' does not exist on type '{ id: number; name: string; size: string | null; description: string | null; createdAt: Date | null; price: string; scentType: string | null; isActive: string | null; }'.
client/src/pages/Checkout.tsx(150,42): error TS2339: Property 'imageUrl' does not exist on type '{ id: number; name: string; size: string | null; description: string | null; createdAt: Date | null; price: string; scentType: string | null; isActive: string | null; }'.
client/src/pages/Checkout.tsx(152,98): error TS2551: Property 'nameAr' does not exist on type '{ id: number; name: string; size: string | null; description: string | null; createdAt: Date | null; price: string; scentType: string | null; isActive: string | null; }'. Did you mean 'name'?
client/src/pages/Home.tsx(12,47): error TS2339: Property 'isBestSeller' does not exist on type '{ id: number; name: string; size: string | null; description: string | null; createdAt: Date | null; price: string; scentType: string | null; isActive: string | null; }'.
client/src/pages/Product.tsx(22,36): error TS2339: Property 'price100ml' does not exist on type '{ id: number; name: string; size: string | null; description: string | null; createdAt: Date | null; price: string; scentType: string | null; isActive: string | null; }'.
client/src/pages/Product.tsx(23,35): error TS2339: Property 'price50ml' does not exist on type '{ id: number; name: string; size: string | null; description: string | null; createdAt: Date | null; price: string; scentType: string | null; isActive: string | null; }'.
client/src/pages/Product.tsx(24,35): error TS2339: Property 'price30ml' does not exist on type '{ id: number; name: string; size: string | null; description: string | null; createdAt: Date | null; price: string; scentType: string | null; isActive: string | null; }'.
client/src/pages/Product.tsx(25,34): error TS2339: Property 'price8ml' does not exist on type '{ id: number; name: string; size: string | null; description: string | null; createdAt: Date | null; price: string; scentType: string | null; isActive: string | null; }'.
client/src/pages/Product.tsx(54,40): error TS2551: Property 'nameAr' does not exist on type '{ id: number; name: string; size: string | null; description: string | null; createdAt: Date | null; price: string; scentType: string | null; isActive: string | null; }'. Did you mean 'name'?
client/src/pages/Product.tsx(55,47): error TS2551: Property 'descriptionAr' does not exist on type '{ id: number; name: string; size: string | null; description: string | null; createdAt: Date | null; price: string; scentType: string | null; isActive: string | null; }'. Did you mean 'description'?
client/src/pages/Product.tsx(56,46): error TS2339: Property 'category' does not exist on type '{ id: number; name: string; size: string | null; description: string | null; createdAt: Date | null; price: string; scentType: string | null; isActive: string | null; }'.
client/src/pages/Product.tsx(56,67): error TS2339: Property 'category' does not exist on type '{ id: number; name: string; size: string | null; description: string | null; createdAt: Date | null; price: string; scentType: string | null; isActive: string | null; }'.
client/src/pages/Product.tsx(79,28): error TS2339: Property 'imageUrl' does not exist on type '{ id: number; name: string; size: string | null; description: string | null; createdAt: Date | null; price: string; scentType: string | null; isActive: string | null; }'.
client/src/pages/Product.tsx(89,26): error TS2339: Property 'category' does not exist on type '{ id: number; name: string; size: string | null; description: string | null; createdAt: Date | null; price: string; scentType: string | null; isActive: string | null; }'.
client/src/pages/Product.tsx(92,26): error TS2339: Property 'gender' does not exist on type '{ id: number; name: string; size: string | null; description: string | null; createdAt: Date | null; price: string; scentType: string | null; isActive: string | null; }'.
client/src/pages/Product.tsx(132,23): error TS2339: Property 'notesTop' does not exist on type '{ id: number; name: string; size: string | null; description: string | null; createdAt: Date | null; price: string; scentType: string | null; isActive: string | null; }'.
client/src/pages/Product.tsx(132,43): error TS2339: Property 'notesHeart' does not exist on type '{ id: number; name: string; size: string | null; description: string | null; createdAt: Date | null; price: string; scentType: string | null; isActive: string | null; }'.
client/src/pages/Product.tsx(132,65): error TS2339: Property 'notesBase' does not exist on type '{ id: number; name: string; size: string | null; description: string | null; createdAt: Date | null; price: string; scentType: string | null; isActive: string | null; }'.
client/src/pages/Product.tsx(139,28): error TS2339: Property 'notesTop' does not exist on type '{ id: number; name: string; size: string | null; description: string | null; createdAt: Date | null; price: string; scentType: string | null; isActive: string | null; }'.
client/src/pages/Product.tsx(142,72): error TS2339: Property 'notesTop' does not exist on type '{ id: number; name: string; size: string | null; description: string | null; createdAt: Date | null; price: string; scentType: string | null; isActive: string | null; }'.
client/src/pages/Product.tsx(145,28): error TS2339: Property 'notesHeart' does not exist on type '{ id: number; name: string; size: string | null; description: string | null; createdAt: Date | null; price: string; scentType: string | null; isActive: string | null; }'.
client/src/pages/Product.tsx(148,72): error TS2339: Property 'notesHeart' does not exist on type '{ id: number; name: string; size: string | null; description: string | null; createdAt: Date | null; price: string; scentType: string | null; isActive: string | null; }'.
client/src/pages/Product.tsx(151,28): error TS2339: Property 'notesBase' does not exist on type '{ id: number; name: string; size: string | null; description: string | null; createdAt: Date | null; price: string; scentType: string | null; isActive: string | null; }'.
client/src/pages/Product.tsx(154,72): error TS2339: Property 'notesBase' does not exist on type '{ id: number; name: string; size: string | null; description: string | null; createdAt: Date | null; price: string; scentType: string | null; isActive: string | null; }'.
server/routes.ts(13,38): error TS2769: No overload matches this call.
  Overload 1 of 2, '(value: { name: string | SQL<unknown> | Placeholder<string, any>; price: string | SQL<unknown> | Placeholder<string, any>; id?: number | SQL<unknown> | Placeholder<string, any> | undefined; ... 4 more ...; isActive?: string | ... 3 more ... | undefined; }): PgInsertBase<...>', gave the following error.
    Argument of type '({ name: string; nameAr: string; description: string; descriptionAr: string; price100ml: number; price50ml: number; stock100ml: number; stock50ml: number; gender: string; category: string; imageUrl: string; notesTop: string; notesHeart: string; notesBase: string; isBestSeller: boolean; } | { ...; })[]' is not assignable to parameter of type '{ name: string | SQL<unknown> | Placeholder<string, any>; price: string | SQL<unknown> | Placeholder<string, any>; id?: number | SQL<unknown> | Placeholder<string, any> | undefined; ... 4 more ...; isActive?: string | ... 3 more ... | undefined; }'.
      Type '({ name: string; nameAr: string; description: string; descriptionAr: string; price100ml: number; price50ml: number; stock100ml: number; stock50ml: number; gender: string; category: string; imageUrl: string; notesTop: string; notesHeart: string; notesBase: string; isBestSeller: boolean; } | { ...; })[]' is missing the following properties from type '{ name: string | SQL<unknown> | Placeholder<string, any>; price: string | SQL<unknown> | Placeholder<string, any>; id?: number | SQL<unknown> | Placeholder<string, any> | undefined; ... 4 more ...; isActive?: string | ... 3 more ... | undefined; }': name, price
server/routes.ts(81,9): error TS2353: Object literal may only specify known properties, and 'size' does not exist in type '{ category?: string | undefined; gender?: string | undefined; }'.
server/storage.ts(5,8): error TS2305: Module '"@shared/schema"' has no exported member 'InsertProduct'.
server/storage.ts(7,8): error TS2305: Module '"@shared/schema"' has no exported member 'InsertOrder'.
server/storage.ts(9,8): error TS2724: '"@shared/schema"' has no exported member named 'InsertOrderItem'. Did you mean 'insertOrderSchema'?
server/storage.ts(41,35): error TS2339: Property 'category' does not exist on type 'PgTableWithColumns<{ name: "products"; schema: undefined; columns: { id: PgColumn<{ name: "id"; tableName: "products"; dataType: "number"; columnType: "PgSerial"; data: number; driverParam: number; notNull: true; hasDefault: true; ... 6 more ...; generated: undefined; }, {}, {}>; ... 6 more ...; createdAt: PgColumn<...'.
server/storage.ts(44,35): error TS2339: Property 'gender' does not exist on type 'PgTableWithColumns<{ name: "products"; schema: undefined; columns: { id: PgColumn<{ name: "id"; tableName: "products"; dataType: "number"; columnType: "PgSerial"; data: number; driverParam: number; notNull: true; hasDefault: true; ... 6 more ...; generated: undefined; }, {}, {}>; ... 6 more ...; createdAt: PgColumn<...'.
server/storage.ts(78,49): error TS2552: Cannot find name 'customers'. Did you mean 'customer'?
server/storage.ts(78,69): error TS2552: Cannot find name 'customers'. Did you mean 'customer'?
server/storage.ts(78,89): error TS2339: Property 'customerId' does not exist on type '{ id: number; userId: number; totalAmount: string; status: "PENDING" | "CONFIRMED" | "SHIPPED" | "DELIVERED" | "CANCELLED"; shippingAddress: string; createdAt: Date | null; }'.
server/storage.ts(83,26): error TS2339: Property 'size' does not exist on type 'PgTableWithColumns<{ name: "order_items"; schema: undefined; columns: { id: PgColumn<{ name: "id"; tableName: "order_items"; dataType: "number"; columnType: "PgSerial"; data: number; driverParam: number; notNull: true; hasDefault: true; ... 6 more ...; generated: undefined; }, {}, {}>; orderId: PgColumn<...>; produc...'.
server/storage.ts(85,27): error TS2339: Property 'price' does not exist on type 'PgTableWithColumns<{ name: "order_items"; schema: undefined; columns: { id: PgColumn<{ name: "id"; tableName: "order_items"; dataType: "number"; columnType: "PgSerial"; data: number; driverParam: number; notNull: true; hasDefault: true; ... 6 more ...; generated: undefined; }, {}, {}>; orderId: PgColumn<...>; produc...'.
server/storage.ts(106,5): error TS2322: Type '{ customer: any; items: { id: number; orderId: number; productId: number; size: any; quantity: number; price: any; product: { id: number; name: string; description: string | null; price: string; scentType: string | null; size: string | null; isActive: string | null; createdAt: Date | null; }; }[]; ... 5 more ...; cr...' is not assignable to type 'OrderWithItems[]'.
  Type '{ customer: any; items: { id: number; orderId: number; productId: number; size: any; quantity: number; price: any; product: { id: number; name: string; description: string | null; price: string; scentType: string | null; size: string | null; isActive: string | null; createdAt: Date | null; }; }[]; ... 5 more ...; cr...' is not assignable to type 'OrderWithItems'.
    Property 'user' is missing in type '{ customer: any; items: { id: number; orderId: number; productId: number; size: any; quantity: number; price: any; product: { id: number; name: string; description: string | null; price: string; scentType: string | null; size: string | null; isActive: string | null; createdAt: Date | null; }; }[]; ... 5 more ...; cr...' but required in type '{ user: { id: number; role: "CUSTOMER" | "ADMIN"; name: string; email: string; password: string; createdAt: Date | null; }; items: ({ id: number; productId: number; orderId: number; quantity: number; priceAtPurchase: string; } & { ...; })[]; }'.
server/storage.ts(118,47): error TS2552: Cannot find name 'customers'. Did you mean 'customer'?
server/storage.ts(118,67): error TS2552: Cannot find name 'customers'. Did you mean 'customer'?
server/storage.ts(120,38): error TS2552: Cannot find name 'customers'. Did you mean 'customer'?
server/storage.ts(124,9): error TS2769: No overload matches this call.
  Overload 2 of 2, '(values: { userId: number | SQL<unknown> | Placeholder<string, any>; totalAmount: string | SQL<unknown> | Placeholder<string, any>; shippingAddress: string | SQL<...> | Placeholder<...>; id?: number | ... 2 more ... | undefined; status?: "PENDING" | ... 6 more ... | undefined; createdAt?: SQL<...> | ... 3 more ... | undefined; }[]): PgInsertBase<...>', gave the following error.
    Object literal may only specify known properties, and 'customerId' does not exist in type '{ userId: number | SQL<unknown> | Placeholder<string, any>; totalAmount: string | SQL<unknown> | Placeholder<string, any>; shippingAddress: string | SQL<...> | Placeholder<...>; id?: number | ... 2 more ... | undefined; status?: "PENDING" | ... 6 more ... | undefined; createdAt?: SQL<...> | ... 3 more ... | undefine...'.
server/storage.ts(139,42): error TS2769: No overload matches this call.
  Overload 1 of 2, '(value: { productId: number | SQL<unknown> | Placeholder<string, any>; orderId: number | SQL<unknown> | Placeholder<string, any>; quantity: number | SQL<unknown> | Placeholder<...>; priceAtPurchase: string | ... 1 more ... | Placeholder<...>; id?: number | ... 2 more ... | undefined; }): PgInsertBase<...>', gave the following error.
    Argument of type '{ orderId: number; productId: number; size: string; quantity: number; price: number; }[]' is not assignable to parameter of type '{ productId: number | SQL<unknown> | Placeholder<string, any>; orderId: number | SQL<unknown> | Placeholder<string, any>; quantity: number | SQL<unknown> | Placeholder<...>; priceAtPurchase: string | ... 1 more ... | Placeholder<...>; id?: number | ... 2 more ... | undefined; }'.
      Type '{ orderId: number; productId: number; size: string; quantity: number; price: number; }[]' is missing the following properties from type '{ productId: number | SQL<unknown> | Placeholder<string, any>; orderId: number | SQL<unknown> | Placeholder<string, any>; quantity: number | SQL<unknown> | Placeholder<...>; priceAtPurchase: string | ... 1 more ... | Placeholder<...>; id?: number | ... 2 more ... | undefined; }': productId, orderId, quantity, priceAtPurchase
  Overload 2 of 2, '(values: { productId: number | SQL<unknown> | Placeholder<string, any>; orderId: number | SQL<unknown> | Placeholder<string, any>; quantity: number | SQL<unknown> | Placeholder<...>; priceAtPurchase: string | ... 1 more ... | Placeholder<...>; id?: number | ... 2 more ... | undefined; }[]): PgInsertBase<...>', gave the following error.
    Argument of type '{ orderId: number; productId: number; size: string; quantity: number; price: number; }[]' is not assignable to parameter of type '{ productId: number | SQL<unknown> | Placeholder<string, any>; orderId: number | SQL<unknown> | Placeholder<string, any>; quantity: number | SQL<unknown> | Placeholder<...>; priceAtPurchase: string | ... 1 more ... | Placeholder<...>; id?: number | ... 2 more ... | undefined; }[]'.
      Property 'priceAtPurchase' is missing in type '{ orderId: number; productId: number; size: string; quantity: number; price: number; }' but required in type '{ productId: number | SQL<unknown> | Placeholder<string, any>; orderId: number | SQL<unknown> | Placeholder<string, any>; quantity: number | SQL<unknown> | Placeholder<...>; priceAtPurchase: string | ... 1 more ... | Placeholder<...>; id?: number | ... 2 more ... | undefined; }'.
server/storage.ts(161,47): error TS2552: Cannot find name 'customers'. Did you mean 'customer'?
server/storage.ts(161,67): error TS2552: Cannot find name 'customers'. Did you mean 'customer'?
server/storage.ts(161,87): error TS2339: Property 'customerId' does not exist on type '{ id: number; userId: number; totalAmount: string; status: "PENDING" | "CONFIRMED" | "SHIPPED" | "DELIVERED" | "CANCELLED"; shippingAddress: string; createdAt: Date | null; }'.
server/storage.ts(166,24): error TS2339: Property 'size' does not exist on type 'PgTableWithColumns<{ name: "order_items"; schema: undefined; columns: { id: PgColumn<{ name: "id"; tableName: "order_items"; dataType: "number"; columnType: "PgSerial"; data: number; driverParam: number; notNull: true; hasDefault: true; ... 6 more ...; generated: undefined; }, {}, {}>; orderId: PgColumn<...>; produc...'.
server/storage.ts(168,25): error TS2339: Property 'price' does not exist on type 'PgTableWithColumns<{ name: "order_items"; schema: undefined; columns: { id: PgColumn<{ name: "id"; tableName: "order_items"; dataType: "number"; columnType: "PgSerial"; data: number; driverParam: number; notNull: true; hasDefault: true; ... 6 more ...; generated: undefined; }, {}, {}>; orderId: PgColumn<...>; produc...'.
server/storage.ts(178,7): error TS2322: Type '{ id: number; orderId: number; productId: number; size: any; quantity: number; price: any; product: { id: number; name: string; description: string | null; price: string; scentType: string | null; size: string | null; isActive: string | null; createdAt: Date | null; }; }[]' is not assignable to type '({ id: number; productId: number; orderId: number; quantity: number; priceAtPurchase: string; } & { product: { id: number; name: string; size: string | null; description: string | null; createdAt: Date | null; price: string; scentType: string | null; isActive: string | null; }; })[]'.
  Type '{ id: number; orderId: number; productId: number; size: any; quantity: number; price: any; product: { id: number; name: string; description: string | null; price: string; scentType: string | null; size: string | null; isActive: string | null; createdAt: Date | null; }; }' is not assignable to type '{ id: number; productId: number; orderId: number; quantity: number; priceAtPurchase: string; } & { product: { id: number; name: string; size: string | null; description: string | null; createdAt: Date | null; price: string; scentType: string | null; isActive: string | null; }; }'.
    Property 'priceAtPurchase' is missing in type '{ id: number; orderId: number; productId: number; size: any; quantity: number; price: any; product: { id: number; name: string; description: string | null; price: string; scentType: string | null; size: string | null; isActive: string | null; createdAt: Date | null; }; }' but required in type '{ id: number; productId: number; orderId: number; quantity: number; priceAtPurchase: string; }'.
server/storage.ts(191,51): error TS2322: Type 'string' is not assignable to type '"PENDING" | "CONFIRMED" | "SHIPPED" | "DELIVERED" | "CANCELLED" | SQL<unknown> | PgColumn<ColumnBaseConfig<ColumnDataType, string>, {}, {}> | undefined'.
